[2023-10-22T17:24:25.254+0800] {taskinstance.py:1157} INFO - Dependencies all met for dep_context=non-requeueable deps ti=<TaskInstance: trick2g_listen_dag.listen_to_channel_task manual__2023-10-22T09:24:14.587654+00:00 [queued]>
[2023-10-22T17:24:25.258+0800] {taskinstance.py:1157} INFO - Dependencies all met for dep_context=requeueable deps ti=<TaskInstance: trick2g_listen_dag.listen_to_channel_task manual__2023-10-22T09:24:14.587654+00:00 [queued]>
[2023-10-22T17:24:25.258+0800] {taskinstance.py:1359} INFO - Starting attempt 1 of 1
[2023-10-22T17:24:25.264+0800] {taskinstance.py:1380} INFO - Executing <Task(_PythonDecoratedOperator): listen_to_channel_task> on 2023-10-22 09:24:14.587654+00:00
[2023-10-22T17:24:25.267+0800] {standard_task_runner.py:57} INFO - Started process 286 to run task
[2023-10-22T17:24:25.271+0800] {standard_task_runner.py:84} INFO - Running: ['***', 'tasks', 'run', 'trick2g_listen_dag', 'listen_to_channel_task', 'manual__2023-10-22T09:24:14.587654+00:00', '--job-id', '54', '--raw', '--subdir', 'DAGS_FOLDER/dags_generator.py', '--cfg-path', '/tmp/tmppijy3kqv']
[2023-10-22T17:24:25.273+0800] {standard_task_runner.py:85} INFO - Job 54: Subtask listen_to_channel_task
[2023-10-22T17:24:25.308+0800] {task_command.py:415} INFO - Running <TaskInstance: trick2g_listen_dag.listen_to_channel_task manual__2023-10-22T09:24:14.587654+00:00 [running]> on host 7781ba1548ef
[2023-10-22T17:24:25.353+0800] {taskinstance.py:1660} INFO - Exporting env vars: AIRFLOW_CTX_DAG_OWNER='***' AIRFLOW_CTX_DAG_ID='trick2g_listen_dag' AIRFLOW_CTX_TASK_ID='listen_to_channel_task' AIRFLOW_CTX_EXECUTION_DATE='2023-10-22T09:24:14.587654+00:00' AIRFLOW_CTX_TRY_NUMBER='1' AIRFLOW_CTX_DAG_RUN_ID='manual__2023-10-22T09:24:14.587654+00:00'
[2023-10-22T17:24:25.691+0800] {logging_mixin.py:151} INFO - getting 'startedAt' for trick2g's live stream...
[2023-10-22T17:24:27.084+0800] {twitch_api_manager.py:69} INFO - {'id': '41960111417', 'user_id': '28036688', 'user_login': 'trick2g', 'user_name': 'Trick2g', 'game_id': '21779', 'game_name': 'League of Legends', 'type': 'live', 'title': 'FIRSTSTRIKE/CRIT UDYR IS BACK!! HULL BREAKER NEFTS RIP????!!!!???!!!', 'viewer_count': 1098, 'started_at': '2023-10-22T08:10:54+08:00', 'language': 'en', 'thumbnail_url': 'https://static-cdn.jtvnw.net/previews-ttv/live_user_trick2g-{width}x{height}.jpg', 'tag_ids': [], 'tags': ['LoL', 'Toplane', 'Volibear', 'English', 'Dad', 'bald', 'LoudAF'], 'is_mature': True}
[2023-10-22T17:24:27.087+0800] {logging_mixin.py:151} INFO - trick2g's live stream started at 2023-10-22T08:10:54+08:00
[2023-10-22T17:24:27.088+0800] {logging_mixin.py:151} INFO - ircbot_manager: trying to insert 'start_tracking_livestream' task record into taskRecords...
[2023-10-22T17:24:27.678+0800] {logging_mixin.py:151} INFO - successfully insert task records.
[2023-10-22T17:24:27.682+0800] {logging_mixin.py:151} INFO - Writing logs in /dags/chat_logs/2023-10-22T08:10:54+08:00_trick2g.log
[2023-10-22T17:24:27.686+0800] {logging_mixin.py:151} INFO - start total_viewers_thread
[2023-10-22T17:24:37.715+0800] {logging_mixin.py:151} INFO - start record_logs_thread
[2023-10-22T17:25:25.384+0800] {logging_mixin.py:151} INFO - total_viewers: 1098
[2023-10-22T17:26:25.425+0800] {logging_mixin.py:151} INFO - total_viewers: 1098
[2023-10-22T17:27:25.385+0800] {logging_mixin.py:151} INFO - total_viewers: 1085
[2023-10-22T17:28:25.392+0800] {logging_mixin.py:151} INFO - total_viewers: 1085
[2023-10-22T17:29:25.404+0800] {logging_mixin.py:151} INFO - total_viewers: 1085
[2023-10-22T17:30:25.421+0800] {logging_mixin.py:151} INFO - total_viewers: 1085
[2023-10-22T17:31:25.381+0800] {logging_mixin.py:151} INFO - total_viewers: 1064
[2023-10-22T17:32:25.380+0800] {logging_mixin.py:151} INFO - total_viewers: 1064
[2023-10-22T17:33:25.386+0800] {logging_mixin.py:151} INFO - total_viewers: 1064
[2023-10-22T17:34:25.402+0800] {logging_mixin.py:151} INFO - total_viewers: 1064
[2023-10-22T17:35:25.416+0800] {logging_mixin.py:151} INFO - total_viewers: 1064
[2023-10-22T17:36:25.410+0800] {logging_mixin.py:151} INFO - total_viewers: 1320
[2023-10-22T17:37:25.395+0800] {logging_mixin.py:151} INFO - total_viewers: 1320
[2023-10-22T17:38:25.383+0800] {logging_mixin.py:151} INFO - total_viewers: 1320
[2023-10-22T17:39:25.664+0800] {logging_mixin.py:151} INFO - total_viewers: 1320
[2023-10-22T17:40:25.654+0800] {logging_mixin.py:151} INFO - total_viewers: 1101
[2023-10-22T17:41:25.653+0800] {logging_mixin.py:151} INFO - total_viewers: 1101
[2023-10-22T17:42:25.626+0800] {logging_mixin.py:151} INFO - total_viewers: 1101
[2023-10-22T17:43:25.675+0800] {logging_mixin.py:151} INFO - total_viewers: 1101
[2023-10-22T17:44:25.670+0800] {logging_mixin.py:151} INFO - total_viewers: 1190
[2023-10-22T17:45:25.617+0800] {logging_mixin.py:151} INFO - total_viewers: 1190
[2023-10-22T17:46:25.593+0800] {logging_mixin.py:151} INFO - total_viewers: 1190
[2023-10-22T17:47:25.697+0800] {logging_mixin.py:151} INFO - total_viewers: 1190
[2023-10-22T17:48:25.677+0800] {logging_mixin.py:151} INFO - total_viewers: 1283
[2023-10-22T17:49:26.565+0800] {logging_mixin.py:151} INFO - total_viewers: 1283
[2023-10-22T17:50:25.649+0800] {logging_mixin.py:151} INFO - total_viewers: 1283
[2023-10-22T17:51:25.623+0800] {logging_mixin.py:151} INFO - total_viewers: 1513
[2023-10-22T17:52:25.669+0800] {logging_mixin.py:151} INFO - total_viewers: 1513
[2023-10-22T17:54:23.093+0800] {logging_mixin.py:151} INFO - total_viewers: 1513
[2023-10-22T17:55:23.086+0800] {logging_mixin.py:151} INFO - total_viewers: 1354
[2023-10-22T17:56:23.110+0800] {logging_mixin.py:151} INFO - total_viewers: 1354
[2023-10-22T17:57:23.184+0800] {logging_mixin.py:151} INFO - total_viewers: 1354
[2023-10-22T17:58:23.136+0800] {logging_mixin.py:151} INFO - total_viewers: 1354
[2023-10-22T17:59:23.100+0800] {logging_mixin.py:151} INFO - total_viewers: 1354
[2023-10-22T18:00:23.157+0800] {logging_mixin.py:151} INFO - total_viewers: 1384
[2023-10-22T18:01:23.202+0800] {logging_mixin.py:151} INFO - total_viewers: 1384
[2023-10-22T18:02:23.173+0800] {logging_mixin.py:151} INFO - total_viewers: 1384
[2023-10-22T18:03:23.138+0800] {logging_mixin.py:151} INFO - total_viewers: 1333
[2023-10-22T18:04:23.587+0800] {logging_mixin.py:151} INFO - total_viewers: 1333
[2023-10-22T18:05:23.154+0800] {logging_mixin.py:151} INFO - total_viewers: 1333
[2023-10-22T18:06:23.237+0800] {logging_mixin.py:151} INFO - total_viewers: 1430
[2023-10-22T18:07:23.204+0800] {logging_mixin.py:151} INFO - total_viewers: 1430
[2023-10-22T18:08:24.116+0800] {logging_mixin.py:151} INFO - total_viewers: 1430
