[2023-10-22T17:18:47.294+0800] {taskinstance.py:1157} INFO - Dependencies all met for dep_context=non-requeueable deps ti=<TaskInstance: sneakylol_listen_dag.listen_to_channel_task manual__2023-10-22T09:18:36.155518+00:00 [queued]>
[2023-10-22T17:18:47.297+0800] {taskinstance.py:1157} INFO - Dependencies all met for dep_context=requeueable deps ti=<TaskInstance: sneakylol_listen_dag.listen_to_channel_task manual__2023-10-22T09:18:36.155518+00:00 [queued]>
[2023-10-22T17:18:47.298+0800] {taskinstance.py:1359} INFO - Starting attempt 1 of 1
[2023-10-22T17:18:47.303+0800] {taskinstance.py:1380} INFO - Executing <Task(_PythonDecoratedOperator): listen_to_channel_task> on 2023-10-22 09:18:36.155518+00:00
[2023-10-22T17:18:47.307+0800] {standard_task_runner.py:57} INFO - Started process 189 to run task
[2023-10-22T17:18:47.310+0800] {standard_task_runner.py:84} INFO - Running: ['***', 'tasks', 'run', 'sneakylol_listen_dag', 'listen_to_channel_task', 'manual__2023-10-22T09:18:36.155518+00:00', '--job-id', '52', '--raw', '--subdir', 'DAGS_FOLDER/dags_generator.py', '--cfg-path', '/tmp/tmpodti0ctq']
[2023-10-22T17:18:47.311+0800] {standard_task_runner.py:85} INFO - Job 52: Subtask listen_to_channel_task
[2023-10-22T17:18:47.343+0800] {task_command.py:415} INFO - Running <TaskInstance: sneakylol_listen_dag.listen_to_channel_task manual__2023-10-22T09:18:36.155518+00:00 [running]> on host 7781ba1548ef
[2023-10-22T17:18:47.388+0800] {taskinstance.py:1660} INFO - Exporting env vars: AIRFLOW_CTX_DAG_OWNER='***' AIRFLOW_CTX_DAG_ID='sneakylol_listen_dag' AIRFLOW_CTX_TASK_ID='listen_to_channel_task' AIRFLOW_CTX_EXECUTION_DATE='2023-10-22T09:18:36.155518+00:00' AIRFLOW_CTX_TRY_NUMBER='1' AIRFLOW_CTX_DAG_RUN_ID='manual__2023-10-22T09:18:36.155518+00:00'
[2023-10-22T17:18:47.763+0800] {logging_mixin.py:151} INFO - getting 'startedAt' for sneakylol's live stream...
[2023-10-22T17:18:49.083+0800] {twitch_api_manager.py:69} INFO - {'id': '42948884155', 'user_id': '24538518', 'user_login': 'sneakylol', 'user_name': 'sneakylol', 'game_id': '21779', 'game_name': 'League of Legends', 'type': 'live', 'title': 'worlds swiss day 4 with da boys #Worlds2023', 'viewer_count': 5320, 'started_at': '2023-10-22T11:29:56+08:00', 'language': 'en', 'thumbnail_url': 'https://static-cdn.jtvnw.net/previews-ttv/live_user_sneakylol-{width}x{height}.jpg', 'tag_ids': [], 'tags': ['English'], 'is_mature': False}
[2023-10-22T17:18:49.083+0800] {logging_mixin.py:151} INFO - sneakylol's live stream started at 2023-10-22T11:29:56+08:00
[2023-10-22T17:18:49.084+0800] {logging_mixin.py:151} INFO - ircbot_manager: trying to insert 'start_tracking_livestream' task record into taskRecords...
[2023-10-22T17:18:49.674+0800] {logging_mixin.py:151} INFO - successfully insert task records.
[2023-10-22T17:18:49.676+0800] {logging_mixin.py:151} INFO - Writing logs in /dags/chat_logs/2023-10-22T11:29:56+08:00_sneakylol.log
[2023-10-22T17:18:49.679+0800] {logging_mixin.py:151} INFO - start total_viewers_thread
[2023-10-22T17:18:59.696+0800] {logging_mixin.py:151} INFO - start record_logs_thread
[2023-10-22T17:18:59.725+0800] {logging_mixin.py:151} INFO - set sock.close()
[2023-10-22T17:19:00.393+0800] {logging_mixin.py:151} INFO - set sock.close()
[2023-10-22T17:19:00.553+0800] {logging_mixin.py:151} INFO - set sock.close()
[2023-10-22T17:19:01.674+0800] {logging_mixin.py:151} INFO - set sock.close()
[2023-10-22T17:19:03.189+0800] {logging_mixin.py:151} INFO - set sock.close()
[2023-10-22T17:19:03.343+0800] {logging_mixin.py:151} INFO - set sock.close()
[2023-10-22T17:19:04.015+0800] {logging_mixin.py:151} INFO - set sock.close()
[2023-10-22T17:19:04.172+0800] {logging_mixin.py:151} INFO - set sock.close()
[2023-10-22T17:19:04.934+0800] {logging_mixin.py:151} INFO - set sock.close()
[2023-10-22T17:19:11.211+0800] {logging_mixin.py:151} INFO - set sock.close()
[2023-10-22T17:19:12.798+0800] {logging_mixin.py:151} INFO - set sock.close()
[2023-10-22T17:19:14.089+0800] {logging_mixin.py:151} INFO - set sock.close()
[2023-10-22T17:19:15.524+0800] {logging_mixin.py:151} INFO - set sock.close()
[2023-10-22T17:19:19.020+0800] {logging_mixin.py:151} INFO - set sock.close()
[2023-10-22T17:19:25.425+0800] {logging_mixin.py:151} INFO - total_viewers: 5320
[2023-10-22T17:19:25.770+0800] {logging_mixin.py:151} INFO - set sock.close()
[2023-10-22T17:19:29.249+0800] {logging_mixin.py:151} INFO - set sock.close()
[2023-10-22T17:19:29.403+0800] {logging_mixin.py:151} INFO - set sock.close()
[2023-10-22T17:19:44.120+0800] {logging_mixin.py:151} INFO - set sock.close()
[2023-10-22T17:19:44.863+0800] {logging_mixin.py:151} INFO - set sock.close()
[2023-10-22T17:19:47.214+0800] {logging_mixin.py:151} INFO - set sock.close()
[2023-10-22T17:19:47.435+0800] {logging_mixin.py:151} INFO - set sock.close()
[2023-10-22T17:19:49.134+0800] {logging_mixin.py:151} INFO - set sock.close()
[2023-10-22T17:19:50.227+0800] {logging_mixin.py:151} INFO - set sock.close()
[2023-10-22T17:19:50.385+0800] {logging_mixin.py:151} INFO - set sock.close()
[2023-10-22T17:19:54.404+0800] {logging_mixin.py:151} INFO - set sock.close()
[2023-10-22T17:19:54.561+0800] {logging_mixin.py:151} INFO - set sock.close()
[2023-10-22T17:19:54.716+0800] {logging_mixin.py:151} INFO - set sock.close()
[2023-10-22T17:19:55.022+0800] {logging_mixin.py:151} INFO - set sock.close()
[2023-10-22T17:19:56.797+0800] {logging_mixin.py:151} INFO - set sock.close()
[2023-10-22T17:19:57.413+0800] {logging_mixin.py:151} INFO - set sock.close()
[2023-10-22T17:20:07.814+0800] {logging_mixin.py:151} INFO - set sock.close()
[2023-10-22T17:20:08.393+0800] {logging_mixin.py:151} INFO - set sock.close()
[2023-10-22T17:20:10.622+0800] {logging_mixin.py:151} INFO - set sock.close()
[2023-10-22T17:20:16.373+0800] {logging_mixin.py:151} INFO - set sock.close()
[2023-10-22T17:20:23.430+0800] {logging_mixin.py:151} INFO - set sock.close()
[2023-10-22T17:20:23.582+0800] {logging_mixin.py:151} INFO - set sock.close()
[2023-10-22T17:20:25.422+0800] {logging_mixin.py:151} INFO - total_viewers: 5403
[2023-10-22T17:20:25.725+0800] {logging_mixin.py:151} INFO - set sock.close()
[2023-10-22T17:20:27.316+0800] {logging_mixin.py:151} INFO - set sock.close()
[2023-10-22T17:20:27.822+0800] {logging_mixin.py:151} INFO - set sock.close()
[2023-10-22T17:20:28.435+0800] {logging_mixin.py:151} INFO - set sock.close()
[2023-10-22T17:20:29.058+0800] {logging_mixin.py:151} INFO - set sock.close()
[2023-10-22T17:20:29.650+0800] {logging_mixin.py:151} INFO - set sock.close()
[2023-10-22T17:20:30.403+0800] {logging_mixin.py:151} INFO - set sock.close()
[2023-10-22T17:20:30.594+0800] {logging_mixin.py:151} INFO - set sock.close()
[2023-10-22T17:20:30.787+0800] {logging_mixin.py:151} INFO - set sock.close()
[2023-10-22T17:20:32.483+0800] {logging_mixin.py:151} INFO - set sock.close()
[2023-10-22T17:20:33.755+0800] {logging_mixin.py:151} INFO - set sock.close()
[2023-10-22T17:20:33.910+0800] {logging_mixin.py:151} INFO - set sock.close()
[2023-10-22T17:20:34.742+0800] {logging_mixin.py:151} INFO - set sock.close()
[2023-10-22T17:20:35.211+0800] {logging_mixin.py:151} INFO - set sock.close()
[2023-10-22T17:20:35.367+0800] {logging_mixin.py:151} INFO - set sock.close()
[2023-10-22T17:20:36.519+0800] {logging_mixin.py:151} INFO - set sock.close()
[2023-10-22T17:20:36.831+0800] {logging_mixin.py:151} INFO - set sock.close()
[2023-10-22T17:20:39.206+0800] {logging_mixin.py:151} INFO - set sock.close()
[2023-10-22T17:20:40.242+0800] {logging_mixin.py:151} INFO - set sock.close()
[2023-10-22T17:20:40.738+0800] {logging_mixin.py:151} INFO - set sock.close()
[2023-10-22T17:20:41.222+0800] {logging_mixin.py:151} INFO - set sock.close()
[2023-10-22T17:20:42.353+0800] {logging_mixin.py:151} INFO - set sock.close()
[2023-10-22T17:20:42.565+0800] {logging_mixin.py:151} INFO - set sock.close()
[2023-10-22T17:20:43.596+0800] {logging_mixin.py:151} INFO - set sock.close()
[2023-10-22T17:20:43.751+0800] {logging_mixin.py:151} INFO - set sock.close()
[2023-10-22T17:20:44.024+0800] {logging_mixin.py:151} INFO - set sock.close()
[2023-10-22T17:20:44.572+0800] {logging_mixin.py:151} INFO - set sock.close()
[2023-10-22T17:20:45.070+0800] {logging_mixin.py:151} INFO - set sock.close()
[2023-10-22T17:20:45.227+0800] {logging_mixin.py:151} INFO - set sock.close()
[2023-10-22T17:20:45.389+0800] {logging_mixin.py:151} INFO - set sock.close()
[2023-10-22T17:20:45.740+0800] {logging_mixin.py:151} INFO - set sock.close()
[2023-10-22T17:20:47.358+0800] {logging_mixin.py:151} INFO - set sock.close()
[2023-10-22T17:20:47.512+0800] {logging_mixin.py:151} INFO - set sock.close()
[2023-10-22T17:20:47.669+0800] {logging_mixin.py:151} INFO - set sock.close()
[2023-10-22T17:20:47.922+0800] {logging_mixin.py:151} INFO - set sock.close()
[2023-10-22T17:20:48.501+0800] {logging_mixin.py:151} INFO - set sock.close()
[2023-10-22T17:20:49.631+0800] {logging_mixin.py:151} INFO - set sock.close()
[2023-10-22T17:20:49.787+0800] {logging_mixin.py:151} INFO - set sock.close()
[2023-10-22T17:20:50.006+0800] {logging_mixin.py:151} INFO - set sock.close()
[2023-10-22T17:20:50.161+0800] {logging_mixin.py:151} INFO - set sock.close()
[2023-10-22T17:20:50.574+0800] {logging_mixin.py:151} INFO - set sock.close()
[2023-10-22T17:20:50.733+0800] {logging_mixin.py:151} INFO - set sock.close()
[2023-10-22T17:20:51.166+0800] {logging_mixin.py:151} INFO - set sock.close()
[2023-10-22T17:20:51.322+0800] {logging_mixin.py:151} INFO - set sock.close()
[2023-10-22T17:20:52.046+0800] {logging_mixin.py:151} INFO - set sock.close()
[2023-10-22T17:20:52.958+0800] {logging_mixin.py:151} INFO - set sock.close()
[2023-10-22T17:20:53.229+0800] {logging_mixin.py:151} INFO - set sock.close()
[2023-10-22T17:20:55.010+0800] {logging_mixin.py:151} INFO - set sock.close()
[2023-10-22T17:20:55.166+0800] {logging_mixin.py:151} INFO - set sock.close()
[2023-10-22T17:20:55.322+0800] {logging_mixin.py:151} INFO - set sock.close()
[2023-10-22T17:20:55.741+0800] {logging_mixin.py:151} INFO - set sock.close()
[2023-10-22T17:20:56.050+0800] {logging_mixin.py:151} INFO - set sock.close()
[2023-10-22T17:20:56.205+0800] {logging_mixin.py:151} INFO - set sock.close()
[2023-10-22T17:20:56.458+0800] {logging_mixin.py:151} INFO - set sock.close()
[2023-10-22T17:20:57.524+0800] {logging_mixin.py:151} INFO - set sock.close()
[2023-10-22T17:20:57.961+0800] {logging_mixin.py:151} INFO - set sock.close()
[2023-10-22T17:20:58.741+0800] {logging_mixin.py:151} INFO - set sock.close()
[2023-10-22T17:20:59.036+0800] {logging_mixin.py:151} INFO - set sock.close()
[2023-10-22T17:20:59.376+0800] {logging_mixin.py:151} INFO - set sock.close()
[2023-10-22T17:20:59.867+0800] {logging_mixin.py:151} INFO - set sock.close()
[2023-10-22T17:21:01.490+0800] {logging_mixin.py:151} INFO - set sock.close()
[2023-10-22T17:21:01.909+0800] {logging_mixin.py:151} INFO - set sock.close()
[2023-10-22T17:21:02.450+0800] {logging_mixin.py:151} INFO - set sock.close()
[2023-10-22T17:21:03.065+0800] {logging_mixin.py:151} INFO - set sock.close()
[2023-10-22T17:21:03.221+0800] {logging_mixin.py:151} INFO - set sock.close()
[2023-10-22T17:21:03.692+0800] {logging_mixin.py:151} INFO - set sock.close()
[2023-10-22T17:21:03.950+0800] {logging_mixin.py:151} INFO - set sock.close()
[2023-10-22T17:21:04.164+0800] {logging_mixin.py:151} INFO - set sock.close()
[2023-10-22T17:21:04.617+0800] {logging_mixin.py:151} INFO - set sock.close()
[2023-10-22T17:21:05.750+0800] {logging_mixin.py:151} INFO - set sock.close()
[2023-10-22T17:21:07.050+0800] {logging_mixin.py:151} INFO - set sock.close()
[2023-10-22T17:21:07.567+0800] {logging_mixin.py:151} INFO - set sock.close()
[2023-10-22T17:21:07.721+0800] {logging_mixin.py:151} INFO - set sock.close()
[2023-10-22T17:21:09.168+0800] {logging_mixin.py:151} INFO - set sock.close()
[2023-10-22T17:21:10.618+0800] {logging_mixin.py:151} INFO - set sock.close()
[2023-10-22T17:21:10.779+0800] {logging_mixin.py:151} INFO - set sock.close()
[2023-10-22T17:21:11.420+0800] {logging_mixin.py:151} INFO - set sock.close()
[2023-10-22T17:21:11.576+0800] {logging_mixin.py:151} INFO - set sock.close()
[2023-10-22T17:21:11.731+0800] {logging_mixin.py:151} INFO - set sock.close()
[2023-10-22T17:21:13.676+0800] {logging_mixin.py:151} INFO - set sock.close()
[2023-10-22T17:21:15.025+0800] {logging_mixin.py:151} INFO - set sock.close()
[2023-10-22T17:21:15.308+0800] {logging_mixin.py:151} INFO - set sock.close()
[2023-10-22T17:21:15.573+0800] {logging_mixin.py:151} INFO - set sock.close()
[2023-10-22T17:21:15.977+0800] {logging_mixin.py:151} INFO - set sock.close()
[2023-10-22T17:21:16.889+0800] {logging_mixin.py:151} INFO - set sock.close()
[2023-10-22T17:21:17.587+0800] {logging_mixin.py:151} INFO - set sock.close()
[2023-10-22T17:21:17.742+0800] {logging_mixin.py:151} INFO - set sock.close()
[2023-10-22T17:21:18.684+0800] {logging_mixin.py:151} INFO - set sock.close()
[2023-10-22T17:21:18.871+0800] {logging_mixin.py:151} INFO - set sock.close()
[2023-10-22T17:21:19.995+0800] {logging_mixin.py:151} INFO - set sock.close()
[2023-10-22T17:21:20.277+0800] {logging_mixin.py:151} INFO - set sock.close()
[2023-10-22T17:21:20.783+0800] {logging_mixin.py:151} INFO - set sock.close()
[2023-10-22T17:21:23.815+0800] {logging_mixin.py:151} INFO - set sock.close()
[2023-10-22T17:21:23.978+0800] {logging_mixin.py:151} INFO - set sock.close()
[2023-10-22T17:21:24.739+0800] {logging_mixin.py:151} INFO - set sock.close()
[2023-10-22T17:21:25.383+0800] {logging_mixin.py:151} INFO - total_viewers: 5403
[2023-10-22T17:21:33.539+0800] {logging_mixin.py:151} INFO - set sock.close()
[2023-10-22T17:21:35.039+0800] {logging_mixin.py:151} INFO - set sock.close()
[2023-10-22T17:21:36.483+0800] {logging_mixin.py:151} INFO - set sock.close()
[2023-10-22T17:21:38.243+0800] {logging_mixin.py:151} INFO - set sock.close()
[2023-10-22T17:21:38.552+0800] {logging_mixin.py:151} INFO - set sock.close()
[2023-10-22T17:21:39.020+0800] {logging_mixin.py:151} INFO - set sock.close()
[2023-10-22T17:21:39.305+0800] {logging_mixin.py:151} INFO - set sock.close()
[2023-10-22T17:21:39.827+0800] {logging_mixin.py:151} INFO - set sock.close()
[2023-10-22T17:21:40.625+0800] {logging_mixin.py:151} INFO - set sock.close()
[2023-10-22T17:21:41.668+0800] {logging_mixin.py:151} INFO - set sock.close()
[2023-10-22T17:21:42.041+0800] {logging_mixin.py:151} INFO - set sock.close()
[2023-10-22T17:21:42.892+0800] {logging_mixin.py:151} INFO - set sock.close()
[2023-10-22T17:21:43.046+0800] {logging_mixin.py:151} INFO - set sock.close()
[2023-10-22T17:21:43.847+0800] {logging_mixin.py:151} INFO - set sock.close()
[2023-10-22T17:21:44.084+0800] {logging_mixin.py:151} INFO - set sock.close()
[2023-10-22T17:21:44.362+0800] {logging_mixin.py:151} INFO - set sock.close()
[2023-10-22T17:21:46.102+0800] {logging_mixin.py:151} INFO - set sock.close()
[2023-10-22T17:21:46.311+0800] {logging_mixin.py:151} INFO - set sock.close()
[2023-10-22T17:21:46.510+0800] {logging_mixin.py:151} INFO - set sock.close()
[2023-10-22T17:21:46.797+0800] {logging_mixin.py:151} INFO - set sock.close()
[2023-10-22T17:21:46.952+0800] {logging_mixin.py:151} INFO - set sock.close()
[2023-10-22T17:21:47.619+0800] {logging_mixin.py:151} INFO - set sock.close()
[2023-10-22T17:21:49.187+0800] {logging_mixin.py:151} INFO - set sock.close()
[2023-10-22T17:21:50.063+0800] {logging_mixin.py:151} INFO - set sock.close()
[2023-10-22T17:21:51.367+0800] {logging_mixin.py:151} INFO - set sock.close()
[2023-10-22T17:21:52.680+0800] {logging_mixin.py:151} INFO - set sock.close()
[2023-10-22T17:21:53.733+0800] {logging_mixin.py:151} INFO - set sock.close()
[2023-10-22T17:21:54.581+0800] {logging_mixin.py:151} INFO - set sock.close()
[2023-10-22T17:21:55.071+0800] {logging_mixin.py:151} INFO - set sock.close()
[2023-10-22T17:21:55.714+0800] {logging_mixin.py:151} INFO - set sock.close()
[2023-10-22T17:22:00.142+0800] {logging_mixin.py:151} INFO - set sock.close()
[2023-10-22T17:22:06.187+0800] {logging_mixin.py:151} INFO - set sock.close()
[2023-10-22T17:22:09.001+0800] {logging_mixin.py:151} INFO - set sock.close()
[2023-10-22T17:22:09.206+0800] {logging_mixin.py:151} INFO - set sock.close()
[2023-10-22T17:22:09.408+0800] {logging_mixin.py:151} INFO - set sock.close()
[2023-10-22T17:22:09.971+0800] {logging_mixin.py:151} INFO - set sock.close()
[2023-10-22T17:22:11.213+0800] {logging_mixin.py:151} INFO - set sock.close()
[2023-10-22T17:22:11.441+0800] {logging_mixin.py:151} INFO - set sock.close()
[2023-10-22T17:22:13.873+0800] {logging_mixin.py:151} INFO - set sock.close()
[2023-10-22T17:22:14.027+0800] {logging_mixin.py:151} INFO - set sock.close()
[2023-10-22T17:22:14.667+0800] {logging_mixin.py:151} INFO - set sock.close()
[2023-10-22T17:22:16.411+0800] {logging_mixin.py:151} INFO - set sock.close()
[2023-10-22T17:22:19.407+0800] {logging_mixin.py:151} INFO - set sock.close()
[2023-10-22T17:22:19.571+0800] {logging_mixin.py:151} INFO - set sock.close()
[2023-10-22T17:22:20.113+0800] {logging_mixin.py:151} INFO - set sock.close()
[2023-10-22T17:22:21.483+0800] {logging_mixin.py:151} INFO - set sock.close()
[2023-10-22T17:22:22.426+0800] {logging_mixin.py:151} INFO - set sock.close()
[2023-10-22T17:22:25.120+0800] {logging_mixin.py:151} INFO - set sock.close()
[2023-10-22T17:22:25.417+0800] {logging_mixin.py:151} INFO - total_viewers: 5403
[2023-10-22T17:22:26.845+0800] {logging_mixin.py:151} INFO - set sock.close()
[2023-10-22T17:22:26.999+0800] {logging_mixin.py:151} INFO - set sock.close()
[2023-10-22T17:22:30.794+0800] {logging_mixin.py:151} INFO - set sock.close()
[2023-10-22T17:22:31.525+0800] {logging_mixin.py:151} INFO - set sock.close()
[2023-10-22T17:22:32.831+0800] {logging_mixin.py:151} INFO - set sock.close()
[2023-10-22T17:22:33.813+0800] {local_task_job_runner.py:294} WARNING - State of this instance has been externally set to failed. Terminating instance.
[2023-10-22T17:22:33.815+0800] {process_utils.py:131} INFO - Sending 15 to group 189. PIDs of all processes in the group: [189]
[2023-10-22T17:22:33.815+0800] {process_utils.py:86} INFO - Sending the signal 15 to group 189
[2023-10-22T17:22:33.821+0800] {taskinstance.py:1630} ERROR - Received SIGTERM. Terminating subprocesses.
[2023-10-22T17:22:33.909+0800] {process_utils.py:79} INFO - Process psutil.Process(pid=189, status='terminated', exitcode=0, started='17:18:47') (189) terminated with exit code 0
