[2023-10-22T17:29:16.892+0800] {taskinstance.py:1157} INFO - Dependencies all met for dep_context=non-requeueable deps ti=<TaskInstance: sneakylol_listen_dag.listen_to_channel_task manual__2023-10-22T09:29:06.374016+00:00 [queued]>
[2023-10-22T17:29:16.895+0800] {taskinstance.py:1157} INFO - Dependencies all met for dep_context=requeueable deps ti=<TaskInstance: sneakylol_listen_dag.listen_to_channel_task manual__2023-10-22T09:29:06.374016+00:00 [queued]>
[2023-10-22T17:29:16.896+0800] {taskinstance.py:1359} INFO - Starting attempt 1 of 1
[2023-10-22T17:29:16.902+0800] {taskinstance.py:1380} INFO - Executing <Task(_PythonDecoratedOperator): listen_to_channel_task> on 2023-10-22 09:29:06.374016+00:00
[2023-10-22T17:29:16.906+0800] {standard_task_runner.py:57} INFO - Started process 397 to run task
[2023-10-22T17:29:16.910+0800] {standard_task_runner.py:84} INFO - Running: ['***', 'tasks', 'run', 'sneakylol_listen_dag', 'listen_to_channel_task', 'manual__2023-10-22T09:29:06.374016+00:00', '--job-id', '59', '--raw', '--subdir', 'DAGS_FOLDER/dags_generator.py', '--cfg-path', '/tmp/tmpbg3zd56p']
[2023-10-22T17:29:16.912+0800] {standard_task_runner.py:85} INFO - Job 59: Subtask listen_to_channel_task
[2023-10-22T17:29:16.949+0800] {task_command.py:415} INFO - Running <TaskInstance: sneakylol_listen_dag.listen_to_channel_task manual__2023-10-22T09:29:06.374016+00:00 [running]> on host 7781ba1548ef
[2023-10-22T17:29:16.996+0800] {taskinstance.py:1660} INFO - Exporting env vars: AIRFLOW_CTX_DAG_OWNER='***' AIRFLOW_CTX_DAG_ID='sneakylol_listen_dag' AIRFLOW_CTX_TASK_ID='listen_to_channel_task' AIRFLOW_CTX_EXECUTION_DATE='2023-10-22T09:29:06.374016+00:00' AIRFLOW_CTX_TRY_NUMBER='1' AIRFLOW_CTX_DAG_RUN_ID='manual__2023-10-22T09:29:06.374016+00:00'
[2023-10-22T17:29:17.362+0800] {logging_mixin.py:151} INFO - getting 'startedAt' for sneakylol's live stream...
[2023-10-22T17:29:18.617+0800] {twitch_api_manager.py:69} INFO - {'id': '42948884155', 'user_id': '24538518', 'user_login': 'sneakylol', 'user_name': 'sneakylol', 'game_id': '21779', 'game_name': 'League of Legends', 'type': 'live', 'title': 'worlds swiss day 4 with da boys #Worlds2023', 'viewer_count': 5403, 'started_at': '2023-10-22T11:29:56+08:00', 'language': 'en', 'thumbnail_url': 'https://static-cdn.jtvnw.net/previews-ttv/live_user_sneakylol-{width}x{height}.jpg', 'tag_ids': [], 'tags': ['English'], 'is_mature': False}
[2023-10-22T17:29:18.617+0800] {logging_mixin.py:151} INFO - sneakylol's live stream started at 2023-10-22T11:29:56+08:00
[2023-10-22T17:29:18.617+0800] {logging_mixin.py:151} INFO - ircbot_manager: trying to insert 'start_tracking_livestream' task record into taskRecords...
[2023-10-22T17:29:19.213+0800] {logging_mixin.py:151} INFO - successfully insert task records.
[2023-10-22T17:29:19.213+0800] {logging_mixin.py:151} INFO - Writing logs in /dags/chat_logs/2023-10-22T11:29:56+08:00_sneakylol.log
[2023-10-22T17:29:19.214+0800] {logging_mixin.py:151} INFO - start total_viewers_thread
[2023-10-22T17:29:25.351+0800] {logging_mixin.py:151} INFO - total_viewers: 5403
[2023-10-22T17:29:29.244+0800] {logging_mixin.py:151} INFO - start record_logs_thread
[2023-10-22T17:30:25.377+0800] {logging_mixin.py:151} INFO - total_viewers: 5403
[2023-10-22T17:31:25.361+0800] {logging_mixin.py:151} INFO - total_viewers: 5403
[2023-10-22T17:32:25.380+0800] {logging_mixin.py:151} INFO - total_viewers: 5403
[2023-10-22T17:33:25.381+0800] {logging_mixin.py:151} INFO - total_viewers: 5403
[2023-10-22T17:34:25.345+0800] {logging_mixin.py:151} INFO - total_viewers: 5403
[2023-10-22T17:35:25.394+0800] {logging_mixin.py:151} INFO - total_viewers: 5461
[2023-10-22T17:36:25.394+0800] {logging_mixin.py:151} INFO - total_viewers: 5461
[2023-10-22T17:37:25.422+0800] {logging_mixin.py:151} INFO - total_viewers: 5461
[2023-10-22T17:38:25.396+0800] {logging_mixin.py:151} INFO - total_viewers: 5461
[2023-10-22T17:39:25.642+0800] {logging_mixin.py:151} INFO - total_viewers: 5368
[2023-10-22T17:40:25.651+0800] {logging_mixin.py:151} INFO - total_viewers: 5368
[2023-10-22T17:41:25.678+0800] {logging_mixin.py:151} INFO - total_viewers: 5368
[2023-10-22T17:42:25.626+0800] {logging_mixin.py:151} INFO - total_viewers: 5368
[2023-10-22T17:43:25.680+0800] {logging_mixin.py:151} INFO - total_viewers: 5368
[2023-10-22T17:44:25.683+0800] {logging_mixin.py:151} INFO - total_viewers: 5429
[2023-10-22T17:45:25.658+0800] {logging_mixin.py:151} INFO - total_viewers: 5429
[2023-10-22T17:46:25.677+0800] {logging_mixin.py:151} INFO - total_viewers: 5429
[2023-10-22T17:47:25.695+0800] {logging_mixin.py:151} INFO - total_viewers: 5028
[2023-10-22T17:48:25.634+0800] {logging_mixin.py:151} INFO - total_viewers: 5028
[2023-10-22T17:49:26.541+0800] {logging_mixin.py:151} INFO - total_viewers: 5028
[2023-10-22T17:50:25.693+0800] {logging_mixin.py:151} INFO - total_viewers: 5028
[2023-10-22T17:51:25.660+0800] {logging_mixin.py:151} INFO - total_viewers: 5086
[2023-10-22T17:52:25.679+0800] {logging_mixin.py:151} INFO - total_viewers: 5086
[2023-10-22T17:54:23.098+0800] {logging_mixin.py:151} INFO - total_viewers: 5086
[2023-10-22T17:55:23.110+0800] {logging_mixin.py:151} INFO - total_viewers: 5086
[2023-10-22T17:56:23.077+0800] {logging_mixin.py:151} INFO - total_viewers: 4945
[2023-10-22T17:57:23.186+0800] {logging_mixin.py:151} INFO - total_viewers: 4945
[2023-10-22T17:58:23.142+0800] {logging_mixin.py:151} INFO - total_viewers: 4945
[2023-10-22T17:59:23.139+0800] {logging_mixin.py:151} INFO - total_viewers: 4945
[2023-10-22T18:00:23.142+0800] {logging_mixin.py:151} INFO - total_viewers: 4945
[2023-10-22T18:01:23.202+0800] {logging_mixin.py:151} INFO - total_viewers: 4890
[2023-10-22T18:02:23.194+0800] {logging_mixin.py:151} INFO - total_viewers: 4890
[2023-10-22T18:03:23.694+0800] {logging_mixin.py:151} INFO - total_viewers: 4890
[2023-10-22T18:04:23.162+0800] {logging_mixin.py:151} INFO - total_viewers: 4890
[2023-10-22T18:05:23.161+0800] {logging_mixin.py:151} INFO - total_viewers: 4955
[2023-10-22T18:06:23.228+0800] {logging_mixin.py:151} INFO - total_viewers: 4955
[2023-10-22T18:07:23.151+0800] {logging_mixin.py:151} INFO - total_viewers: 4955
[2023-10-22T18:08:23.142+0800] {logging_mixin.py:151} INFO - total_viewers: 5073
